<?xml version="1.0" encoding="UTF-8"?>
<beans xmlns="http://www.springframework.org/schema/beans" xmlns:xsi="http://www.w3.org/2001/XMLSchema-instance"
  xmlns:context="http://www.springframework.org/schema/context" xmlns:tx="http://www.springframework.org/schema/tx"
  xsi:schemaLocation="http://www.springframework.org/schema/beans
		http://www.springframework.org/schema/beans/spring-beans-3.0.xsd
		http://www.springframework.org/schema/context
		http://www.springframework.org/schema/context/spring-context-3.0.xsd
		http://www.springframework.org/schema/tx
		http://www.springframework.org/schema/tx/spring-tx-3.0.xsd">

  <context:annotation-config />
  <tx:annotation-driven />  

  <bean id="transactionManager" class="org.springframework.orm.jpa.JpaTransactionManager">
    <property name="entityManagerFactory" ref="entityManagerFactory" />
  </bean>

  <bean id="iFeedService" class="se.vgregion.ifeed.service.ifeed.IFeedServiceImpl">
    <property name="iFeedRepo" ref="iFeedRepo" />
  </bean>
  <!--
    <bean id="objectRepo" class="se.vgregion.ifeed.service.ifeed.ObjectRepo">
      <property name="entityManager" ref="" />
    </bean>-->

  <bean id="entityManagerFactory" class="org.springframework.orm.jpa.LocalContainerEntityManagerFactoryBean">
    <property name="dataSource" ref="dataSource" />
    <property name="persistenceXmlLocation" value="classpath*:META-INF/ifeed-persistence.xml" />
    <property name="jpaVendorAdapter" ref="jpaVendor" />
    <property name="jpaPropertyMap">
      <map>
        <entry key="hibernate.hbm2ddl.auto" value="create" />
        <entry key="hibernate.format_sql" value="true" />
      </map>
    </property>
  </bean>

  <bean id="jpaVendor" class="org.springframework.orm.jpa.vendor.HibernateJpaVendorAdapter">
    <property name="database" value="HSQL" />
    <property name="databasePlatform" value="org.hibernate.dialect.HSQLDialect" />
    <property name="generateDdl" value="true" />
    <property name="showSql" value="true" />
  </bean>

  <!-- Used to be more explicit in what we need to set up the jpa context. The real datasource is configured in a separate 
    config file (jpa-connector-jndi.xml or jpa-connector-direct.xml) -->
<!--   <bean id="dataSource" abstract="true" /> -->
  
  <bean id="dataSource" class="org.springframework.jdbc.datasource.DriverManagerDataSource">
    <property name="driverClassName" value="org.hsqldb.jdbcDriver" />
    <property name="url" value="jdbc:hsqldb:mem:opt" />
    <property name="username" value="sa" />
    <property name="password" value="" />
  </bean>
  
  <bean id="iFeedRepo" class="se.vgregion.dao.domain.patterns.repository.db.jpa.DefaultJpaRepository">
    <constructor-arg type="java.lang.Class" value="se.vgregion.ifeed.types.IFeed" />
  </bean>

</beans>
